<?xml version="1.0" encoding="UTF-8"?>
<!-- Generated by org.testng.reporters.JUnitReportReporter -->
<testsuite hostname="0b40c64cf7e0589" failures="0" tests="2" name="com.ust.test.FirstTest" time="0.019" errors="0" timestamp="2023-03-30T16:31:52 IST" skipped="0">
  <testcase classname="com.ust.test.FirstTest" name="f" time="0.015"/>
  <system-out/>
  <testcase classname="com.ust.test.FirstTest" name="a" time="0.004"/>
  <system-out/>
</testsuite> <!-- com.ust.test.FirstTest -->
